<?xml version="1.0" encoding="UTF-8"?>
<!-- Generated by org.testng.reporters.JUnitXMLReporter -->
<testsuite hostname="DESKTOP-K83JH80" ignored="0" name="testngClassesParallely" tests="4" failures="0" timestamp="2022-08-27T12:26:46 IST" time="19.828" errors="0">
  <testcase name="launchGoogle1" time="13.959" classname="testngpack.Class2"/>
  <testcase name="launchGoogle1" time="17.335" classname="testngpack.Class1"/>
  <testcase name="launchGoogle1" time="19.377" classname="testngpack.Class4"/>
  <testcase name="launchGoogle1" time="19.753" classname="testngpack.Class3"/>
</testsuite> <!-- testngClassesParallely -->
