<?xml version="1.0" encoding="UTF-8"?>
<!-- Generated by org.testng.reporters.JUnitXMLReporter -->
<testsuite hostname="DESKTOP-K83JH80" ignored="0" name="Test" tests="3" failures="0" timestamp="2022-08-27T12:34:23 IST" time="23.842" errors="0">
  <testcase name="launchGoogle1" time="7.505" classname="testngpack.Class3"/>
  <testcase name="launchGoogle1" time="7.894" classname="testngpack.Class2"/>
  <testcase name="launchGoogle1" time="8.383" classname="testngpack.Class1"/>
</testsuite> <!-- Test -->
